This is e-upTeX, Version 3.14159265-p3.8.1-u1.23-180226-2.6 (utf8.uptex) (TeX Live 2018) (preloaded format=uplatex 2019.4.23)  14 OCT 2019 14:50
entering extended mode
 restricted \write18 enabled.
 file:line:error style messages enabled.
 %&-line parsing enabled.
**iwamoto1010_4pages.tex
(./iwamoto1010_4pages.tex
pLaTeX2e <2018-12-01u02> (based on LaTeX2e <2018-12-01>)
(/usr/local/texlive/2018/texmf-dist/tex/uplatex/base/utarticle.cls
Document Class: utarticle 2018/10/25 v1.8a-u00 Standard upLaTeX class
\c@@paper=\count83
(/usr/local/texlive/2018/texmf-dist/tex/uplatex/base/utsize10.clo
File: utsize10.clo 2018/10/25 v1.8a-u00 Standard upLaTeX file (size option)
LaTeX Font Info:    Font shape `JT2/mc/m/n' will be
(Font)              scaled to size 9.6222pt on input line 30.
LaTeX Font Info:    Font shape `JY2/mc/m/n' will be
(Font)              scaled to size 9.6222pt on input line 30.
)
(/usr/local/texlive/2018/texmf-dist/tex/platex/base/plext.sty
Package: plext 2018/10/07 v1.2k pLaTeX package file (community edition)
\@floatbox=\box43
\floatwidth=\dimen118
\floatheight=\dimen119
\floatruletick=\dimen120
\captionfloatsep=\dimen121
\captionwidth=\dimen122
\@captionbox=\box44
LaTeX Info: Redefining \parbox on input line 333.
\save@ybaselineshift=\dimen123
\save@tbaselineshift=\dimen124
\@picwd=\dimen125
\rensujiskip=\skip41
)
\c@part=\count84
\c@section=\count85
\c@subsection=\count86
\c@subsubsection=\count87
\c@paragraph=\count88
\c@subparagraph=\count89
\c@figure=\count90
\c@table=\count91
\abovecaptionskip=\skip42
\belowcaptionskip=\skip43
\symmincho=\mathgroup4
LaTeX Font Info:    Overwriting symbol font `mincho' in version `bold'
(Font)                  JY2/mc/m/n --> JY2/gt/m/n on input line 619.
\toclineskip=\dimen126
\@lnumwidth=\dimen127
\bibindent=\dimen128
\heisei=\count92
)
(/usr/local/texlive/2018/texmf-dist/tex/latex/bxpapersize/bxpapersize.sty
Package: bxpapersize 2017/10/08 v0.3b

(/usr/local/texlive/2018/texmf-dist/tex/latex/xkeyval/xkeyval.sty
Package: xkeyval 2014/12/03 v2.7a package option processing (HA)

(/usr/local/texlive/2018/texmf-dist/tex/generic/xkeyval/xkeyval.tex
(/usr/local/texlive/2018/texmf-dist/tex/generic/xkeyval/xkvutils.tex
\XKV@toks=\toks15
\XKV@tempa@toks=\toks16

(/usr/local/texlive/2018/texmf-dist/tex/generic/xkeyval/keyval.tex))
\XKV@depth=\count93
File: xkeyval.tex 2014/12/03 v2.7a key=value parser (HA)
))
(/usr/local/texlive/2018/texmf-dist/tex/generic/oberdiek/atbegshi.sty
Package: atbegshi 2016/06/09 v1.18 At begin shipout hook (HO)

(/usr/local/texlive/2018/texmf-dist/tex/generic/oberdiek/infwarerr.sty
Package: infwarerr 2016/05/16 v1.4 Providing info/warning/error messages (HO)
)
(/usr/local/texlive/2018/texmf-dist/tex/generic/oberdiek/ltxcmds.sty
Package: ltxcmds 2016/05/16 v1.23 LaTeX kernel commands for general use (HO)
)
(/usr/local/texlive/2018/texmf-dist/tex/generic/oberdiek/ifpdf.sty
Package: ifpdf 2018/09/07 v3.3 Provides the ifpdf switch
))
(/usr/local/texlive/2018/texmf-dist/tex/generic/ifxetex/ifxetex.sty
Package: ifxetex 2010/09/12 v0.6 Provides ifxetex conditional
)
(/usr/local/texlive/2018/texmf-dist/tex/generic/oberdiek/ifluatex.sty
Package: ifluatex 2016/05/16 v1.4 Provides the ifluatex switch (HO)
Package ifluatex Info: LuaTeX not detected.
)
(/usr/local/texlive/2018/texmf-dist/tex/generic/oberdiek/ifvtex.sty
Package: ifvtex 2016/05/16 v1.6 Detect VTeX and its facilities (HO)
Package ifvtex Info: VTeX not detected.
)
\bxpr@dima=\dimen129
)
(/usr/local/texlive/2018/texmf-dist/tex/platex/pxrubrica/pxrubrica.sty
Package: pxrubrica 2018/08/16 v1.3c PX Japanese-style ruby
\pxrr@cnta=\count94
\pxrr@cntr=\count95
\pxrr@dima=\dimen130
\pxrr@boxa=\box45
\pxrr@boxb=\box46
\pxrr@boxr=\box47
)
(/usr/local/texlive/2018/texmf-dist/tex/latex/endnotes/endnotes.sty
\c@endnote=\count96
\endnotesep=\dimen131
\@enotes=\write3
)
(/usr/local/texlive/2018/texmf-dist/tex/latex/tools/multicol.sty
Package: multicol 2018/12/27 v1.8v multicolumn formatting (FMi)
\c@tracingmulticols=\count97


Package multicol Warning: May not work with the twocolumn option on input line 
141.

\mult@box=\box48
\multicol@leftmargin=\dimen132
\c@unbalance=\count98
\c@collectmore=\count99
\doublecol@number=\count100
\multicoltolerance=\count101
\multicolpretolerance=\count102
\full@width=\dimen133
\page@free=\dimen134
\premulticols=\dimen135
\postmulticols=\dimen136
\multicolsep=\skip44
\multicolbaselineskip=\skip45
\partial@page=\box49
\last@line=\box50
\maxbalancingoverflow=\dimen137
\mult@rightbox=\box51
\mult@grightbox=\box52
\mult@gfirstbox=\box53
\mult@firstbox=\box54
\@tempa=\box55
\@tempa=\box56
\@tempa=\box57
\@tempa=\box58
\@tempa=\box59
\@tempa=\box60
\@tempa=\box61
\@tempa=\box62
\@tempa=\box63
\@tempa=\box64
\@tempa=\box65
\@tempa=\box66
\@tempa=\box67
\@tempa=\box68
\@tempa=\box69
\@tempa=\box70
\@tempa=\box71
\c@columnbadness=\count103
\c@finalcolumnbadness=\count104
\last@try=\dimen138
\multicolovershoot=\dimen139
\multicolundershoot=\dimen140
\mult@nat@firstbox=\box72
\colbreak@box=\box73
\mc@col@check@num=\count105
) (/usr/local/texlive/2018/texmf-dist/tex/latex/platex-tools/pxftnright.sty
Package: pxftnright 2017/02/28 v1.1 footnote layout package for pLaTeX

(/usr/local/texlive/2018/texmf-dist/tex/latex/tools/ftnright.sty
Package: ftnright 2014/10/28 v1.1f footnote layout package (FMi)
\rcol@footinsskip=\skip46
\ftn@amount=\dimen141
))
(/usr/local/texlive/2018/texmf-dist/tex/latex/fancyhdr/fancyhdr.sty
Package: fancyhdr 2019/01/31 v3.10 Extensive control of page headers and footer
s
\f@nch@headwidth=\skip47
\f@nch@O@elh=\skip48
\f@nch@O@erh=\skip49
\f@nch@O@olh=\skip50
\f@nch@O@orh=\skip51
\f@nch@O@elf=\skip52
\f@nch@O@erf=\skip53
\f@nch@O@olf=\skip54
\f@nch@O@orf=\skip55
)
(/usr/local/texlive/2018/texmf-dist/tex/latex/tools/enumerate.sty
Package: enumerate 2015/07/23 v3.00 enumerate extensions (DPC)
\@enLab=\toks17
)
(/usr/local/texlive/2018/texmf-dist/tex/latex/braket/braket.sty)
(/usr/local/texlive/2018/texmf-dist/tex/latex/url/url.sty
\Urlmuskip=\muskip10
Package: url 2013/09/16  ver 3.4  Verb mode for urls, etc.
)
(/usr/local/texlive/2018/texmf-dist/tex/latex/graphics/graphicx.sty
Package: graphicx 2017/06/01 v1.1a Enhanced LaTeX Graphics (DPC,SPQR)

(/usr/local/texlive/2018/texmf-dist/tex/latex/graphics/graphics.sty
Package: graphics 2017/06/25 v1.2c Standard LaTeX Graphics (DPC,SPQR)

(/usr/local/texlive/2018/texmf-dist/tex/latex/graphics/trig.sty
Package: trig 2016/01/03 v1.10 sin cos tan (DPC)
)
(/usr/local/texlive/2018/texmf-dist/tex/latex/graphics-cfg/graphics.cfg
File: graphics.cfg 2016/06/04 v1.11 sample graphics configuration
)
Package graphics Info: Driver file: dvipdfmx.def on input line 99.

(/usr/local/texlive/2018/texmf-dist/tex/latex/graphics-def/dvipdfmx.def
File: dvipdfmx.def 2017/06/24 v5.0g Graphics/color driver for dvipdfmx
))
\Gin@req@height=\dimen142
\Gin@req@width=\dimen143
)
(/usr/local/texlive/2018/texmf-dist/tex/latex/float/float.sty
Package: float 2001/11/08 v1.3d Float enhancements (AL)
\c@float@type=\count106
\float@exts=\toks18
\float@box=\box74
\@float@everytoks=\toks19
\@floatcapt=\box75
)
(/usr/local/texlive/2018/texmf-dist/tex/latex/amsmath/amsmath.sty
Package: amsmath 2018/12/01 v2.17b AMS math features
\@mathmargin=\skip56

For additional information on amsmath, use the `?' option.
(/usr/local/texlive/2018/texmf-dist/tex/latex/amsmath/amstext.sty
Package: amstext 2000/06/29 v2.01 AMS text

(/usr/local/texlive/2018/texmf-dist/tex/latex/amsmath/amsgen.sty
File: amsgen.sty 1999/11/30 v2.0 generic functions
\@emptytoks=\toks20
\ex@=\dimen144
))
(/usr/local/texlive/2018/texmf-dist/tex/latex/amsmath/amsbsy.sty
Package: amsbsy 1999/11/29 v1.2d Bold Symbols
\pmbraise@=\dimen145
)
(/usr/local/texlive/2018/texmf-dist/tex/latex/amsmath/amsopn.sty
Package: amsopn 2016/03/08 v2.02 operator names
)
\inf@bad=\count107
LaTeX Info: Redefining \frac on input line 223.
\uproot@=\count108
\leftroot@=\count109
LaTeX Info: Redefining \overline on input line 385.
\classnum@=\count110
\DOTSCASE@=\count111
LaTeX Info: Redefining \ldots on input line 482.
LaTeX Info: Redefining \dots on input line 485.
LaTeX Info: Redefining \cdots on input line 606.
\Mathstrutbox@=\box76
\strutbox@=\box77
\big@size=\dimen146
LaTeX Font Info:    Redeclaring font encoding OML on input line 729.
LaTeX Font Info:    Redeclaring font encoding OMS on input line 730.
\macc@depth=\count112
\c@MaxMatrixCols=\count113
\dotsspace@=\muskip11
\c@parentequation=\count114
\dspbrk@lvl=\count115
\tag@help=\toks21
\row@=\count116
\column@=\count117
\maxfields@=\count118
\andhelp@=\toks22
\eqnshift@=\dimen147
\alignsep@=\dimen148
\tagshift@=\dimen149
\tagwidth@=\dimen150
\totwidth@=\dimen151
\lineht@=\dimen152
\@envbody=\toks23
\multlinegap=\skip57
\multlinetaggap=\skip58
\mathdisplay@stack=\toks24
LaTeX Info: Redefining \[ on input line 2844.
LaTeX Info: Redefining \] on input line 2845.
)
(/usr/local/texlive/2018/texmf-dist/tex/latex/amsfonts/amssymb.sty
Package: amssymb 2013/01/14 v3.01 AMS font symbols

(/usr/local/texlive/2018/texmf-dist/tex/latex/amsfonts/amsfonts.sty
Package: amsfonts 2013/01/14 v3.01 Basic AMSFonts support
\symAMSa=\mathgroup5
\symAMSb=\mathgroup6
LaTeX Font Info:    Overwriting math alphabet `\mathfrak' in version `bold'
(Font)                  U/euf/m/n --> U/euf/b/n on input line 106.
))
(/usr/local/texlive/2018/texmf-dist/tex/latex/ascmac/ascmac.sty
Package: ascmac 2018/03/09 v2.0h ascmac wrapper (community edition) 

(/usr/local/texlive/2018/texmf-dist/tex/latex/ascmac/tascmac.sty
Package: tascmac 2018/03/09 v2.0h ascmac package (community edition) 
\@savetbaselineshift=\dimen153
\@saveybaselineshift=\dimen154
\scb@x=\box78
\scscb@x=\box79
\@bw=\dimen155
\@nbox=\box80
\@nbody=\box81
\@scw=\dimen156
\ascmac@hoboxa=\box82
\ascmac@hoboxb=\box83
\@itemh=\dimen157
\@iboxpos=\toks25
\@iboxstr=\box84
\@bwsp=\box85
\@@bwsp=\box86
\@bcal=\count119
\shaderule=\dimen158
))
(/usr/local/texlive/2018/texmf-dist/tex/platex/jsclasses/okumacro.sty
Package: okumacro 2018/06/11 okumura, texjporg
LaTeX Info: Redefining \yen on input line 132.
\EXAMPLEWIDTH=\dimen159
)
(/usr/local/texlive/2018/texmf-dist/tex/latex/marginnote/marginnote.sty
Package: marginnote 2018/08/09 v1.4b non floating margin notes for LaTeX
\c@mn@abspage=\count120
)
(/usr/local/texlive/2018/texmf-dist/tex/latex/cleveref/cleveref.sty
Package: cleveref 2018/03/27 v0.21.4 Intelligent cross-referencing
)
(/usr/local/texlive/2018/texmf-dist/tex/latex/fancybox/fancybox.sty
Package: fancybox 2010/05/15 1.4

Style option: `fancybox' v1.4 <2010/05/15> (tvz)
\@fancybox=\box87
\shadowsize=\dimen160
\@Sbox=\box88
\do@VerbBox=\toks26
\the@fancyput=\toks27
\this@fancyput=\toks28
\EndVerbatimTokens=\toks29
\Verbatim@Outfile=\write4
\Verbatim@Infile=\read1
) (/usr/local/texlive/2018/texmf-dist/tex/latex/cancel/cancel.sty
Package: cancel 2013/04/12 v2.2 Cancel math terms
)
(/usr/local/texlive/2018/texmf-dist/tex/latex/carlisle/scalefnt.sty)
\c@yakuchu=\count121

(/usr/local/texlive/2018/texmf-dist/tex/latex/etoolbox/etoolbox.sty
Package: etoolbox 2018/08/19 v2.5f e-TeX tools for LaTeX (JAW)
\etb@tempcnta=\count122
)
\c@newfoot=\count123

(./iwamoto1010_4pages.aux)
\openout1 = `iwamoto1010_4pages.aux'.

LaTeX Font Info:    Checking defaults for OML/cmm/m/it on input line 96.
LaTeX Font Info:    ... okay on input line 96.
LaTeX Font Info:    Checking defaults for T1/cmr/m/n on input line 96.
LaTeX Font Info:    ... okay on input line 96.
LaTeX Font Info:    Checking defaults for OT1/cmr/m/n on input line 96.
LaTeX Font Info:    ... okay on input line 96.
LaTeX Font Info:    Checking defaults for OMS/cmsy/m/n on input line 96.
LaTeX Font Info:    ... okay on input line 96.
LaTeX Font Info:    Checking defaults for OMX/cmex/m/n on input line 96.
LaTeX Font Info:    ... okay on input line 96.
LaTeX Font Info:    Checking defaults for U/cmr/m/n on input line 96.
LaTeX Font Info:    ... okay on input line 96.
LaTeX Font Info:    Checking defaults for JY2/mc/m/n on input line 96.
LaTeX Font Info:    ... okay on input line 96.
LaTeX Font Info:    Checking defaults for JT2/mc/m/n on input line 96.
LaTeX Font Info:    ... okay on input line 96.
 《縦組モード》
\AtBeginShipoutBox=\box89
LaTeX Font Info:    Font shape `JT2/mc/m/n' will be
(Font)              scaled to size 16.62714pt on input line 97.
LaTeX Font Info:    Font shape `JY2/mc/m/n' will be
(Font)              scaled to size 16.62714pt on input line 97.
LaTeX Font Info:    Font shape `JT2/mc/m/n' will be
(Font)              scaled to size 11.54663pt on input line 97.
LaTeX Font Info:    Font shape `JY2/mc/m/n' will be
(Font)              scaled to size 11.54663pt on input line 97.
LaTeX Font Info:    Font shape `JY2/mc/m/n' will be
(Font)              scaled to size 7.69775pt on input line 97.
LaTeX Font Info:    Font shape `JY2/mc/m/n' will be
(Font)              scaled to size 5.77332pt on input line 97.
LaTeX Font Info:    Try loading font information for U+msa on input line 97.

(/usr/local/texlive/2018/texmf-dist/tex/latex/amsfonts/umsa.fd
File: umsa.fd 2013/01/14 v3.01 AMS symbols A
)
LaTeX Font Info:    Try loading font information for U+msb on input line 97.

(/usr/local/texlive/2018/texmf-dist/tex/latex/amsfonts/umsb.fd
File: umsb.fd 2013/01/14 v3.01 AMS symbols B
)

Package Fancyhdr Warning: \headheight is too small (12.0pt): 
Make it at least 17.0pt.
We now make it that large for the rest of the document.
This may cause the page layout to be inconsistent, however.


Package Fancyhdr Warning: \footskip is too small (-5.69054pt): 
Make it at least 17.0pt.
We now make it that large for the rest of the document.
This may cause the page layout to be inconsistent, however.

[110


]

Package marginnote Warning: Consecutive even pages found.
(marginnote)                Note, it is not recommended to use consecutive
(marginnote)                even pages in a double-ended document.
(marginnote)                The pages of your document should always
(marginnote)                be a sequence: odd-even-odd-even-...
(marginnote)                Maybe you've forgotten a \cleardoublepage before
(marginnote)                changing the page numbering on page 110.

Package marginnote Info: Using workaround for absolute page number on input lin
e 143.
[111] [112]
LaTeX Font Info:    Font shape `JY2/mc/m/n' will be
(Font)              scaled to size 6.73553pt on input line 281.
LaTeX Font Info:    Font shape `JY2/mc/m/n' will be
(Font)              scaled to size 4.8111pt on input line 281.
LaTeX Font Info:    Font shape `JT2/mc/bx/n' in size <10> not available
(Font)              Font shape `JT2/gt/m/n' tried instead on input line 282.
LaTeX Font Info:    Font shape `JT2/gt/m/n' will be
(Font)              scaled to size 9.6222pt on input line 282.
LaTeX Font Info:    Font shape `JY2/mc/bx/n' in size <10> not available
(Font)              Font shape `JY2/gt/m/n' tried instead on input line 282.
LaTeX Font Info:    Font shape `JY2/gt/m/n' will be
(Font)              scaled to size 9.6222pt on input line 282.
LaTeX Font Info:    Font shape `JT2/mc/m/n' will be
(Font)              scaled to size 8.65997pt on input line 284.
LaTeX Font Info:    Font shape `JY2/mc/m/n' will be
(Font)              scaled to size 8.65997pt on input line 284.
LaTeX Font Info:    Font shape `JT2/mc/bx/n' in size <9> not available
(Font)              Font shape `JT2/gt/m/n' tried instead on input line 285.
LaTeX Font Info:    Font shape `JT2/gt/m/n' will be
(Font)              scaled to size 8.65997pt on input line 285.
LaTeX Font Info:    Font shape `JY2/mc/bx/n' in size <9> not available
(Font)              Font shape `JY2/gt/m/n' tried instead on input line 285.
LaTeX Font Info:    Font shape `JY2/gt/m/n' will be
(Font)              scaled to size 8.65997pt on input line 285.
LaTeX Font Info:    Font shape `JT2/mc/m/n' will be
(Font)              scaled to size 7.69775pt on input line 286.
LaTeX Font Info:    Font shape `JT2/mc/bx/n' in size <8> not available
(Font)              Font shape `JT2/gt/m/n' tried instead on input line 287.
LaTeX Font Info:    Font shape `JT2/gt/m/n' will be
(Font)              scaled to size 7.69775pt on input line 287.
LaTeX Font Info:    Font shape `JY2/mc/bx/n' in size <8> not available
(Font)              Font shape `JY2/gt/m/n' tried instead on input line 287.
LaTeX Font Info:    Font shape `JY2/gt/m/n' will be
(Font)              scaled to size 7.69775pt on input line 287.
 [113] (./iwamoto1010_4pages.aux) ) 
Here is how much of TeX's memory you used:
 5910 strings out of 493215
 95118 string characters out of 6144072
 195475 words of memory out of 5000000
 9802 multiletter control sequences out of 15000+600000
 17103 words of font info for 80 fonts, out of 8000000 for 9000
 929 hyphenation exceptions out of 8191
 27i,11n,43p,1456b,420s stack positions out of 5000i,500n,10000p,200000b,80000s

Output written on iwamoto1010_4pages.dvi (4 pages, 20476 bytes).
