This is e-upTeX, Version 3.14159265-p3.8.1-u1.23-180226-2.6 (utf8.uptex) (TeX Live 2018) (preloaded format=uplatex 2019.4.23)  4 OCT 2019 17:18
entering extended mode
 restricted \write18 enabled.
 file:line:error style messages enabled.
 %&-line parsing enabled.
**innyo.bib
(./innyo.bib
pLaTeX2e <2018-12-01u02> (based on LaTeX2e <2018-12-01>)

./innyo.bib:1: LaTeX Error: Missing \begin{document}.

See the LaTeX manual or LaTeX Companion for explanation.
Type  H <return>  for immediate help.
 ...                                              
                                                  
l.1 @
     misc{kate,
? 
./innyo.bib:1: Emergency stop.
 ...                                              
                                                  
l.1 @
     misc{kate,
You're in trouble here.  Try typing  <return>  to proceed.
If that doesn't work, type  X <return>  to quit.

 
Here is how much of TeX's memory you used:
 6 strings out of 493215
 171 string characters out of 6144072
 62175 words of memory out of 5000000
 4096 multiletter control sequences out of 15000+600000
 6281 words of font info for 32 fonts, out of 8000000 for 9000
 929 hyphenation exceptions out of 8191
 5i,0n,4p,23b,14s stack positions out of 5000i,500n,10000p,200000b,80000s
No pages of output.
